<?xml version="1.0" encoding="UTF-8"?>
<!-- Generated by org.testng.reporters.JUnitReportReporter -->
<testsuite name="friday.InsureCar.AppTest" tests="9" time="209.672" ignored="0" failures="0" timestamp="14 Jan 2020 01:56:17 GMT" skipped="0" hostname="LAPTOP-B1J4CQE9" errors="0">
  <testcase name="testcar" time="21.080" classname="friday.InsureCar.AppTest"/>
  <testcase name="testcar" time="21.365" classname="friday.InsureCar.AppTest"/>
  <testcase name="testcar" time="24.156" classname="friday.InsureCar.AppTest"/>
  <testcase name="testcar" time="28.329" classname="friday.InsureCar.AppTest"/>
  <testcase name="testcar" time="25.812" classname="friday.InsureCar.AppTest"/>
  <testcase name="testcar" time="21.765" classname="friday.InsureCar.AppTest"/>
  <testcase name="testcar" time="22.342" classname="friday.InsureCar.AppTest"/>
  <testcase name="testcar" time="22.570" classname="friday.InsureCar.AppTest"/>
  <testcase name="testcar" time="22.253" classname="friday.InsureCar.AppTest"/>
</testsuite> <!-- friday.InsureCar.AppTest -->
